<?xml version="1.0" encoding="UTF-8"?>
<testsuite name="AnimalTest" tests="5" skipped="0" failures="0" errors="0" timestamp="2022-11-14T13:00:18" hostname="MacBook-Pro-Karol-2.local" time="0.02">
  <properties/>
  <testcase name="isTheTypeCorrect()" classname="AnimalTest" time="0.012"/>
  <testcase name="isPositionRight()" classname="AnimalTest" time="0.001"/>
  <testcase name="isAnimalOusitdeTheMap()" classname="AnimalTest" time="0.0"/>
  <testcase name="isOrientationRight()" classname="AnimalTest" time="0.001"/>
  <testcase name="isAnimalOusitdeTheMap2()" classname="AnimalTest" time="0.0"/>
  <system-out><![CDATA[]]></system-out>
  <system-err><![CDATA[]]></system-err>
</testsuite>
